<?xml version="1.0" encoding="UTF-8"?>
<testsuite xmlns:xsi="http://www.w3.org/2001/XMLSchema-instance" xsi:noNamespaceSchemaLocation="https://maven.apache.org/surefire/maven-surefire-plugin/xsd/surefire-test-report-3.0.xsd" version="3.0" name="com.example.pdfextractor.AppTest" time="0.015" tests="1" errors="0" skipped="0" failures="0">
  <properties>
    <property name="java.specification.version" value="23"/>
    <property name="sun.jnu.encoding" value="UTF-8"/>
    <property name="java.class.path" value="/Users/camille/Documents/Dev/Extracteur annotations/annotation-extractor-java/pdf-annotation-extractor/target/test-classes:/Users/camille/Documents/Dev/Extracteur annotations/annotation-extractor-java/pdf-annotation-extractor/target/classes:/Users/camille/.m2/repository/junit/junit/3.8.1/junit-3.8.1.jar:/Users/camille/.m2/repository/org/apache/pdfbox/pdfbox/3.0.2/pdfbox-3.0.2.jar:/Users/camille/.m2/repository/org/apache/pdfbox/pdfbox-io/3.0.2/pdfbox-io-3.0.2.jar:/Users/camille/.m2/repository/org/apache/pdfbox/fontbox/3.0.2/fontbox-3.0.2.jar:/Users/camille/.m2/repository/commons-logging/commons-logging/1.3.0/commons-logging-1.3.0.jar:/Users/camille/.m2/repository/ch/qos/logback/logback-core/1.5.18/logback-core-1.5.18.jar:/Users/camille/.m2/repository/ch/qos/logback/logback-classic/1.5.18/logback-classic-1.5.18.jar:/Users/camille/.m2/repository/org/slf4j/slf4j-api/2.0.17/slf4j-api-2.0.17.jar:/Users/camille/.m2/repository/org/docx4j/docx4j/6.1.2/docx4j-6.1.2.jar:/Users/camille/.m2/repository/org/plutext/jaxb-svg11/1.0.2/jaxb-svg11-1.0.2.jar:/Users/camille/.m2/repository/net/engio/mbassador/1.2.4.2/mbassador-1.2.4.2.jar:/Users/camille/.m2/repository/org/slf4j/jcl-over-slf4j/1.7.25/jcl-over-slf4j-1.7.25.jar:/Users/camille/.m2/repository/org/slf4j/slf4j-log4j12/1.7.25/slf4j-log4j12-1.7.25.jar:/Users/camille/.m2/repository/log4j/log4j/1.2.17/log4j-1.2.17.jar:/Users/camille/.m2/repository/org/apache/commons/commons-lang3/3.5/commons-lang3-3.5.jar:/Users/camille/.m2/repository/org/apache/commons/commons-compress/1.12/commons-compress-1.12.jar:/Users/camille/.m2/repository/commons-codec/commons-codec/1.11/commons-codec-1.11.jar:/Users/camille/.m2/repository/commons-io/commons-io/2.5/commons-io-2.5.jar:/Users/camille/.m2/repository/org/apache/httpcomponents/httpclient/4.5.6/httpclient-4.5.6.jar:/Users/camille/.m2/repository/org/apache/httpcomponents/httpcore/4.4.10/httpcore-4.4.10.jar:/Users/camille/.m2/repository/com/fasterxml/jackson/core/jackson-core/2.7.9/jackson-core-2.7.9.jar:/Users/camille/.m2/repository/com/fasterxml/jackson/core/jackson-databind/2.7.9.4/jackson-databind-2.7.9.4.jar:/Users/camille/.m2/repository/com/fasterxml/jackson/core/jackson-annotations/2.7.0/jackson-annotations-2.7.0.jar:/Users/camille/.m2/repository/org/apache/xmlgraphics/xmlgraphics-commons/2.3/xmlgraphics-commons-2.3.jar:/Users/camille/.m2/repository/org/apache/avalon/framework/avalon-framework-api/4.3.1/avalon-framework-api-4.3.1.jar:/Users/camille/.m2/repository/org/apache/avalon/framework/avalon-framework-impl/4.3.1/avalon-framework-impl-4.3.1.jar:/Users/camille/.m2/repository/xalan/xalan/2.7.2/xalan-2.7.2.jar:/Users/camille/.m2/repository/xalan/serializer/2.7.2/serializer-2.7.2.jar:/Users/camille/.m2/repository/net/arnx/wmf2svg/0.9.8/wmf2svg-0.9.8.jar:/Users/camille/.m2/repository/org/antlr/antlr-runtime/3.5.2/antlr-runtime-3.5.2.jar:/Users/camille/.m2/repository/org/antlr/stringtemplate/3.2.1/stringtemplate-3.2.1.jar:/Users/camille/.m2/repository/antlr/antlr/2.7.7/antlr-2.7.7.jar:/Users/camille/.m2/repository/com/google/guava/guava/20.0/guava-20.0.jar:/Users/camille/.m2/repository/com/thedeanda/lorem/2.1/lorem-2.1.jar:/Users/camille/.m2/repository/org/docx4j/docx4j-export-fo/11.5.3/docx4j-export-fo-11.5.3.jar:/Users/camille/.m2/repository/org/docx4j/docx4j-core/11.5.3/docx4j-core-11.5.3.jar:/Users/camille/.m2/repository/org/docx4j/docx4j-openxml-objects/11.5.3/docx4j-openxml-objects-11.5.3.jar:/Users/camille/.m2/repository/org/docx4j/docx4j-openxml-objects-pml/11.5.3/docx4j-openxml-objects-pml-11.5.3.jar:/Users/camille/.m2/repository/org/docx4j/docx4j-openxml-objects-sml/11.5.3/docx4j-openxml-objects-sml-11.5.3.jar:/Users/camille/.m2/repository/org/docx4j/org/apache/xalan-interpretive/11.0.0/xalan-interpretive-11.0.0.jar:/Users/camille/.m2/repository/org/docx4j/org/apache/xalan-serializer/11.0.0/xalan-serializer-11.0.0.jar:/Users/camille/.m2/repository/org/checkerframework/checker-qual/3.42.0/checker-qual-3.42.0.jar:/Users/camille/.m2/repository/com/google/errorprone/error_prone_annotations/2.3.3/error_prone_annotations-2.3.3.jar:/Users/camille/.m2/repository/com/thoughtworks/qdox/qdox/1.12/qdox-1.12.jar:/Users/camille/.m2/repository/org/plutext/jaxb-xslfo/11.4.0/jaxb-xslfo-11.4.0.jar:/Users/camille/.m2/repository/org/apache/xmlgraphics/batik-bridge/1.19/batik-bridge-1.19.jar:/Users/camille/.m2/repository/org/apache/xmlgraphics/batik-anim/1.19/batik-anim-1.19.jar:/Users/camille/.m2/repository/org/apache/xmlgraphics/batik-ext/1.19/batik-ext-1.19.jar:/Users/camille/.m2/repository/org/apache/xmlgraphics/batik-awt-util/1.19/batik-awt-util-1.19.jar:/Users/camille/.m2/repository/org/apache/xmlgraphics/batik-css/1.19/batik-css-1.19.jar:/Users/camille/.m2/repository/org/apache/xmlgraphics/batik-dom/1.19/batik-dom-1.19.jar:/Users/camille/.m2/repository/xml-apis/xml-apis/1.4.01/xml-apis-1.4.01.jar:/Users/camille/.m2/repository/org/apache/xmlgraphics/batik-parser/1.19/batik-parser-1.19.jar:/Users/camille/.m2/repository/org/apache/xmlgraphics/batik-script/1.19/batik-script-1.19.jar:/Users/camille/.m2/repository/org/apache/xmlgraphics/batik-shared-resources/1.19/batik-shared-resources-1.19.jar:/Users/camille/.m2/repository/org/apache/xmlgraphics/batik-svg-dom/1.19/batik-svg-dom-1.19.jar:/Users/camille/.m2/repository/org/apache/xmlgraphics/batik-util/1.19/batik-util-1.19.jar:/Users/camille/.m2/repository/org/apache/xmlgraphics/batik-constants/1.19/batik-constants-1.19.jar:/Users/camille/.m2/repository/org/apache/xmlgraphics/batik-i18n/1.19/batik-i18n-1.19.jar:/Users/camille/.m2/repository/org/apache/xmlgraphics/batik-xml/1.19/batik-xml-1.19.jar:/Users/camille/.m2/repository/org/apache/xmlgraphics/fop/2.11/fop-2.11.jar:/Users/camille/.m2/repository/org/apache/xmlgraphics/fop-util/2.11/fop-util-2.11.jar:/Users/camille/.m2/repository/org/apache/xmlgraphics/fop-events/2.11/fop-events-2.11.jar:/Users/camille/.m2/repository/org/apache/xmlgraphics/fop-core/2.11/fop-core-2.11.jar:/Users/camille/.m2/repository/org/apache/xmlgraphics/batik-transcoder/1.19/batik-transcoder-1.19.jar:/Users/camille/.m2/repository/org/apache/xmlgraphics/batik-svggen/1.19/batik-svggen-1.19.jar:/Users/camille/.m2/repository/xml-apis/xml-apis-ext/1.3.04/xml-apis-ext-1.3.04.jar:/Users/camille/.m2/repository/org/apache/xmlgraphics/batik-codec/1.19/batik-codec-1.19.jar:/Users/camille/.m2/repository/jakarta/xml/bind/jakarta.xml.bind-api/4.0.2/jakarta.xml.bind-api-4.0.2.jar:/Users/camille/.m2/repository/jakarta/activation/jakarta.activation-api/2.1.3/jakarta.activation-api-2.1.3.jar:/Users/camille/.m2/repository/org/glassfish/jaxb/jaxb-runtime/2.3.1/jaxb-runtime-2.3.1.jar:/Users/camille/.m2/repository/javax/xml/bind/jaxb-api/2.3.1/jaxb-api-2.3.1.jar:/Users/camille/.m2/repository/org/glassfish/jaxb/txw2/2.3.1/txw2-2.3.1.jar:/Users/camille/.m2/repository/com/sun/istack/istack-commons-runtime/3.0.7/istack-commons-runtime-3.0.7.jar:/Users/camille/.m2/repository/org/jvnet/staxex/stax-ex/1.8/stax-ex-1.8.jar:/Users/camille/.m2/repository/com/sun/xml/fastinfoset/FastInfoset/1.2.15/FastInfoset-1.2.15.jar:/Users/camille/.m2/repository/javax/activation/javax.activation-api/1.2.0/javax.activation-api-1.2.0.jar:"/>
    <property name="java.vm.vendor" value="Homebrew"/>
    <property name="sun.arch.data.model" value="64"/>
    <property name="java.vendor.url" value="https://github.com/Homebrew/homebrew-core/issues"/>
    <property name="os.name" value="Mac OS X"/>
    <property name="java.vm.specification.version" value="23"/>
    <property name="sun.java.launcher" value="SUN_STANDARD"/>
    <property name="user.country" value="FR"/>
    <property name="sun.boot.library.path" value="/opt/homebrew/Cellar/openjdk/23.0.2/libexec/openjdk.jdk/Contents/Home/lib"/>
    <property name="sun.java.command" value="/Users/camille/Documents/Dev/Extracteur annotations/annotation-extractor-java/pdf-annotation-extractor/target/surefire/surefirebooter-20250527170950257_3.jar /Users/camille/Documents/Dev/Extracteur annotations/annotation-extractor-java/pdf-annotation-extractor/target/surefire 2025-05-27T17-09-50_227-jvmRun1 surefire-20250527170950257_1tmp surefire_0-20250527170950257_2tmp"/>
    <property name="http.nonProxyHosts" value="local|*.local|169.254/16|*.169.254/16"/>
    <property name="jdk.debug" value="release"/>
    <property name="surefire.test.class.path" value="/Users/camille/Documents/Dev/Extracteur annotations/annotation-extractor-java/pdf-annotation-extractor/target/test-classes:/Users/camille/Documents/Dev/Extracteur annotations/annotation-extractor-java/pdf-annotation-extractor/target/classes:/Users/camille/.m2/repository/junit/junit/3.8.1/junit-3.8.1.jar:/Users/camille/.m2/repository/org/apache/pdfbox/pdfbox/3.0.2/pdfbox-3.0.2.jar:/Users/camille/.m2/repository/org/apache/pdfbox/pdfbox-io/3.0.2/pdfbox-io-3.0.2.jar:/Users/camille/.m2/repository/org/apache/pdfbox/fontbox/3.0.2/fontbox-3.0.2.jar:/Users/camille/.m2/repository/commons-logging/commons-logging/1.3.0/commons-logging-1.3.0.jar:/Users/camille/.m2/repository/ch/qos/logback/logback-core/1.5.18/logback-core-1.5.18.jar:/Users/camille/.m2/repository/ch/qos/logback/logback-classic/1.5.18/logback-classic-1.5.18.jar:/Users/camille/.m2/repository/org/slf4j/slf4j-api/2.0.17/slf4j-api-2.0.17.jar:/Users/camille/.m2/repository/org/docx4j/docx4j/6.1.2/docx4j-6.1.2.jar:/Users/camille/.m2/repository/org/plutext/jaxb-svg11/1.0.2/jaxb-svg11-1.0.2.jar:/Users/camille/.m2/repository/net/engio/mbassador/1.2.4.2/mbassador-1.2.4.2.jar:/Users/camille/.m2/repository/org/slf4j/jcl-over-slf4j/1.7.25/jcl-over-slf4j-1.7.25.jar:/Users/camille/.m2/repository/org/slf4j/slf4j-log4j12/1.7.25/slf4j-log4j12-1.7.25.jar:/Users/camille/.m2/repository/log4j/log4j/1.2.17/log4j-1.2.17.jar:/Users/camille/.m2/repository/org/apache/commons/commons-lang3/3.5/commons-lang3-3.5.jar:/Users/camille/.m2/repository/org/apache/commons/commons-compress/1.12/commons-compress-1.12.jar:/Users/camille/.m2/repository/commons-codec/commons-codec/1.11/commons-codec-1.11.jar:/Users/camille/.m2/repository/commons-io/commons-io/2.5/commons-io-2.5.jar:/Users/camille/.m2/repository/org/apache/httpcomponents/httpclient/4.5.6/httpclient-4.5.6.jar:/Users/camille/.m2/repository/org/apache/httpcomponents/httpcore/4.4.10/httpcore-4.4.10.jar:/Users/camille/.m2/repository/com/fasterxml/jackson/core/jackson-core/2.7.9/jackson-core-2.7.9.jar:/Users/camille/.m2/repository/com/fasterxml/jackson/core/jackson-databind/2.7.9.4/jackson-databind-2.7.9.4.jar:/Users/camille/.m2/repository/com/fasterxml/jackson/core/jackson-annotations/2.7.0/jackson-annotations-2.7.0.jar:/Users/camille/.m2/repository/org/apache/xmlgraphics/xmlgraphics-commons/2.3/xmlgraphics-commons-2.3.jar:/Users/camille/.m2/repository/org/apache/avalon/framework/avalon-framework-api/4.3.1/avalon-framework-api-4.3.1.jar:/Users/camille/.m2/repository/org/apache/avalon/framework/avalon-framework-impl/4.3.1/avalon-framework-impl-4.3.1.jar:/Users/camille/.m2/repository/xalan/xalan/2.7.2/xalan-2.7.2.jar:/Users/camille/.m2/repository/xalan/serializer/2.7.2/serializer-2.7.2.jar:/Users/camille/.m2/repository/net/arnx/wmf2svg/0.9.8/wmf2svg-0.9.8.jar:/Users/camille/.m2/repository/org/antlr/antlr-runtime/3.5.2/antlr-runtime-3.5.2.jar:/Users/camille/.m2/repository/org/antlr/stringtemplate/3.2.1/stringtemplate-3.2.1.jar:/Users/camille/.m2/repository/antlr/antlr/2.7.7/antlr-2.7.7.jar:/Users/camille/.m2/repository/com/google/guava/guava/20.0/guava-20.0.jar:/Users/camille/.m2/repository/com/thedeanda/lorem/2.1/lorem-2.1.jar:/Users/camille/.m2/repository/org/docx4j/docx4j-export-fo/11.5.3/docx4j-export-fo-11.5.3.jar:/Users/camille/.m2/repository/org/docx4j/docx4j-core/11.5.3/docx4j-core-11.5.3.jar:/Users/camille/.m2/repository/org/docx4j/docx4j-openxml-objects/11.5.3/docx4j-openxml-objects-11.5.3.jar:/Users/camille/.m2/repository/org/docx4j/docx4j-openxml-objects-pml/11.5.3/docx4j-openxml-objects-pml-11.5.3.jar:/Users/camille/.m2/repository/org/docx4j/docx4j-openxml-objects-sml/11.5.3/docx4j-openxml-objects-sml-11.5.3.jar:/Users/camille/.m2/repository/org/docx4j/org/apache/xalan-interpretive/11.0.0/xalan-interpretive-11.0.0.jar:/Users/camille/.m2/repository/org/docx4j/org/apache/xalan-serializer/11.0.0/xalan-serializer-11.0.0.jar:/Users/camille/.m2/repository/org/checkerframework/checker-qual/3.42.0/checker-qual-3.42.0.jar:/Users/camille/.m2/repository/com/google/errorprone/error_prone_annotations/2.3.3/error_prone_annotations-2.3.3.jar:/Users/camille/.m2/repository/com/thoughtworks/qdox/qdox/1.12/qdox-1.12.jar:/Users/camille/.m2/repository/org/plutext/jaxb-xslfo/11.4.0/jaxb-xslfo-11.4.0.jar:/Users/camille/.m2/repository/org/apache/xmlgraphics/batik-bridge/1.19/batik-bridge-1.19.jar:/Users/camille/.m2/repository/org/apache/xmlgraphics/batik-anim/1.19/batik-anim-1.19.jar:/Users/camille/.m2/repository/org/apache/xmlgraphics/batik-ext/1.19/batik-ext-1.19.jar:/Users/camille/.m2/repository/org/apache/xmlgraphics/batik-awt-util/1.19/batik-awt-util-1.19.jar:/Users/camille/.m2/repository/org/apache/xmlgraphics/batik-css/1.19/batik-css-1.19.jar:/Users/camille/.m2/repository/org/apache/xmlgraphics/batik-dom/1.19/batik-dom-1.19.jar:/Users/camille/.m2/repository/xml-apis/xml-apis/1.4.01/xml-apis-1.4.01.jar:/Users/camille/.m2/repository/org/apache/xmlgraphics/batik-parser/1.19/batik-parser-1.19.jar:/Users/camille/.m2/repository/org/apache/xmlgraphics/batik-script/1.19/batik-script-1.19.jar:/Users/camille/.m2/repository/org/apache/xmlgraphics/batik-shared-resources/1.19/batik-shared-resources-1.19.jar:/Users/camille/.m2/repository/org/apache/xmlgraphics/batik-svg-dom/1.19/batik-svg-dom-1.19.jar:/Users/camille/.m2/repository/org/apache/xmlgraphics/batik-util/1.19/batik-util-1.19.jar:/Users/camille/.m2/repository/org/apache/xmlgraphics/batik-constants/1.19/batik-constants-1.19.jar:/Users/camille/.m2/repository/org/apache/xmlgraphics/batik-i18n/1.19/batik-i18n-1.19.jar:/Users/camille/.m2/repository/org/apache/xmlgraphics/batik-xml/1.19/batik-xml-1.19.jar:/Users/camille/.m2/repository/org/apache/xmlgraphics/fop/2.11/fop-2.11.jar:/Users/camille/.m2/repository/org/apache/xmlgraphics/fop-util/2.11/fop-util-2.11.jar:/Users/camille/.m2/repository/org/apache/xmlgraphics/fop-events/2.11/fop-events-2.11.jar:/Users/camille/.m2/repository/org/apache/xmlgraphics/fop-core/2.11/fop-core-2.11.jar:/Users/camille/.m2/repository/org/apache/xmlgraphics/batik-transcoder/1.19/batik-transcoder-1.19.jar:/Users/camille/.m2/repository/org/apache/xmlgraphics/batik-svggen/1.19/batik-svggen-1.19.jar:/Users/camille/.m2/repository/xml-apis/xml-apis-ext/1.3.04/xml-apis-ext-1.3.04.jar:/Users/camille/.m2/repository/org/apache/xmlgraphics/batik-codec/1.19/batik-codec-1.19.jar:/Users/camille/.m2/repository/jakarta/xml/bind/jakarta.xml.bind-api/4.0.2/jakarta.xml.bind-api-4.0.2.jar:/Users/camille/.m2/repository/jakarta/activation/jakarta.activation-api/2.1.3/jakarta.activation-api-2.1.3.jar:/Users/camille/.m2/repository/org/glassfish/jaxb/jaxb-runtime/2.3.1/jaxb-runtime-2.3.1.jar:/Users/camille/.m2/repository/javax/xml/bind/jaxb-api/2.3.1/jaxb-api-2.3.1.jar:/Users/camille/.m2/repository/org/glassfish/jaxb/txw2/2.3.1/txw2-2.3.1.jar:/Users/camille/.m2/repository/com/sun/istack/istack-commons-runtime/3.0.7/istack-commons-runtime-3.0.7.jar:/Users/camille/.m2/repository/org/jvnet/staxex/stax-ex/1.8/stax-ex-1.8.jar:/Users/camille/.m2/repository/com/sun/xml/fastinfoset/FastInfoset/1.2.15/FastInfoset-1.2.15.jar:/Users/camille/.m2/repository/javax/activation/javax.activation-api/1.2.0/javax.activation-api-1.2.0.jar:"/>
    <property name="sun.cpu.endian" value="little"/>
    <property name="user.home" value="/Users/camille"/>
    <property name="user.language" value="fr"/>
    <property name="java.specification.vendor" value="Oracle Corporation"/>
    <property name="java.version.date" value="2025-01-21"/>
    <property name="java.home" value="/opt/homebrew/Cellar/openjdk/23.0.2/libexec/openjdk.jdk/Contents/Home"/>
    <property name="file.separator" value="/"/>
    <property name="basedir" value="/Users/camille/Documents/Dev/Extracteur annotations/annotation-extractor-java/pdf-annotation-extractor"/>
    <property name="java.vm.compressedOopsMode" value="Zero based"/>
    <property name="line.separator" value="&#10;"/>
    <property name="java.vm.specification.vendor" value="Oracle Corporation"/>
    <property name="java.specification.name" value="Java Platform API Specification"/>
    <property name="apple.awt.application.name" value="ForkedBooter"/>
    <property name="surefire.real.class.path" value="/Users/camille/Documents/Dev/Extracteur annotations/annotation-extractor-java/pdf-annotation-extractor/target/surefire/surefirebooter-20250527170950257_3.jar"/>
    <property name="sun.management.compiler" value="HotSpot 64-Bit Tiered Compilers"/>
    <property name="ftp.nonProxyHosts" value="local|*.local|169.254/16|*.169.254/16"/>
    <property name="java.runtime.version" value="23.0.2"/>
    <property name="user.name" value="camille"/>
    <property name="stdout.encoding" value="UTF-8"/>
    <property name="path.separator" value=":"/>
    <property name="os.version" value="15.5"/>
    <property name="java.runtime.name" value="OpenJDK Runtime Environment"/>
    <property name="file.encoding" value="UTF-8"/>
    <property name="java.vm.name" value="OpenJDK 64-Bit Server VM"/>
    <property name="java.vendor.version" value="Homebrew"/>
    <property name="localRepository" value="/Users/camille/.m2/repository"/>
    <property name="java.vendor.url.bug" value="https://github.com/Homebrew/homebrew-core/issues"/>
    <property name="java.io.tmpdir" value="/var/folders/mp/vdvdnhk16m384y18hgywpjcc0000gn/T/"/>
    <property name="java.version" value="23.0.2"/>
    <property name="user.dir" value="/Users/camille/Documents/Dev/Extracteur annotations/annotation-extractor-java/pdf-annotation-extractor"/>
    <property name="os.arch" value="aarch64"/>
    <property name="java.vm.specification.name" value="Java Virtual Machine Specification"/>
    <property name="native.encoding" value="UTF-8"/>
    <property name="java.library.path" value="/Users/camille/Library/Java/Extensions:/Library/Java/Extensions:/Network/Library/Java/Extensions:/System/Library/Java/Extensions:/usr/lib/java:."/>
    <property name="java.vm.info" value="mixed mode, sharing"/>
    <property name="stderr.encoding" value="UTF-8"/>
    <property name="java.vendor" value="Homebrew"/>
    <property name="java.vm.version" value="23.0.2"/>
    <property name="sun.io.unicode.encoding" value="UnicodeBig"/>
    <property name="socksNonProxyHosts" value="local|*.local|169.254/16|*.169.254/16"/>
    <property name="java.class.version" value="67.0"/>
  </properties>
  <testcase name="testApp" classname="com.example.pdfextractor.AppTest" time="0.001"/>
</testsuite>